=== Setting up Mamba SSM Environment with Python 3.11 ===

Removing old Mamba environment...
Creating Python 3.11 virtual environment...
Upgrading pip...
Requirement already satisfied: pip in ./.venv_mamba/lib64/python3.11/site-packages (25.1.1)
Collecting pip
  Using cached pip-26.0.1-py3-none-any.whl.metadata (4.7 kB)
Requirement already satisfied: setuptools in ./.venv_mamba/lib64/python3.11/site-packages (78.1.1)
Collecting setuptools
  Using cached setuptools-82.0.0-py3-none-any.whl.metadata (6.6 kB)
Collecting wheel
  Using cached wheel-0.46.3-py3-none-any.whl.metadata (2.4 kB)
Collecting packaging>=24.0 (from wheel)
  Using cached packaging-26.0-py3-none-any.whl.metadata (3.3 kB)
Using cached pip-26.0.1-py3-none-any.whl (1.8 MB)
Using cached setuptools-82.0.0-py3-none-any.whl (1.0 MB)
Using cached wheel-0.46.3-py3-none-any.whl (30 kB)
Using cached packaging-26.0-py3-none-any.whl (74 kB)
Installing collected packages: setuptools, pip, packaging, wheel
  Attempting uninstall: setuptools
    Found existing installation: setuptools 78.1.1
    Uninstalling setuptools-78.1.1:
      Successfully uninstalled setuptools-78.1.1
  Attempting uninstall: pip
    Found existing installation: pip 25.1.1
    Uninstalling pip-25.1.1:
      Successfully uninstalled pip-25.1.1

Successfully installed packaging-26.0 pip-26.0.1 setuptools-82.0.0 wheel-0.46.3

Installing PyTorch with CUDA 12.1...
Looking in indexes: https://download.pytorch.org/whl/cu121
Collecting torch==2.2.0
  Using cached https://download.pytorch.org/whl/cu121/torch-2.2.0%2Bcu121-cp311-cp311-linux_x86_64.whl (757.3 MB)
Collecting filelock (from torch==2.2.0)
  Using cached filelock-3.20.0-py3-none-any.whl.metadata (2.1 kB)
Collecting typing-extensions>=4.8.0 (from torch==2.2.0)
  Using cached https://download.pytorch.org/whl/typing_extensions-4.15.0-py3-none-any.whl.metadata (3.3 kB)
Collecting sympy (from torch==2.2.0)
  Using cached sympy-1.14.0-py3-none-any.whl.metadata (12 kB)
Collecting networkx (from torch==2.2.0)
  Using cached networkx-3.6.1-py3-none-any.whl.metadata (6.8 kB)
Collecting jinja2 (from torch==2.2.0)
  Using cached https://download.pytorch.org/whl/jinja2-3.1.6-py3-none-any.whl.metadata (2.9 kB)
Collecting fsspec (from torch==2.2.0)
  Using cached fsspec-2025.12.0-py3-none-any.whl.metadata (10 kB)
Collecting nvidia-cuda-nvrtc-cu12==12.1.105 (from torch==2.2.0)
  Using cached https://download.pytorch.org/whl/cu121/nvidia_cuda_nvrtc_cu12-12.1.105-py3-none-manylinux1_x86_64.whl (23.7 MB)
Collecting nvidia-cuda-runtime-cu12==12.1.105 (from torch==2.2.0)
  Using cached https://download.pytorch.org/whl/cu121/nvidia_cuda_runtime_cu12-12.1.105-py3-none-manylinux1_x86_64.whl (823 kB)
Collecting nvidia-cuda-cupti-cu12==12.1.105 (from torch==2.2.0)
  Using cached https://download.pytorch.org/whl/cu121/nvidia_cuda_cupti_cu12-12.1.105-py3-none-manylinux1_x86_64.whl (14.1 MB)
Collecting nvidia-cudnn-cu12==8.9.2.26 (from torch==2.2.0)
  Using cached https://download.pytorch.org/whl/cu121/nvidia_cudnn_cu12-8.9.2.26-py3-none-manylinux1_x86_64.whl (731.7 MB)
Collecting nvidia-cublas-cu12==12.1.3.1 (from torch==2.2.0)
  Using cached https://download.pytorch.org/whl/cu121/nvidia_cublas_cu12-12.1.3.1-py3-none-manylinux1_x86_64.whl (410.6 MB)
Collecting nvidia-cufft-cu12==11.0.2.54 (from torch==2.2.0)
  Using cached https://download.pytorch.org/whl/cu121/nvidia_cufft_cu12-11.0.2.54-py3-none-manylinux1_x86_64.whl (121.6 MB)
Collecting nvidia-curand-cu12==10.3.2.106 (from torch==2.2.0)
  Using cached https://download.pytorch.org/whl/cu121/nvidia_curand_cu12-10.3.2.106-py3-none-manylinux1_x86_64.whl (56.5 MB)
Collecting nvidia-cusolver-cu12==11.4.5.107 (from torch==2.2.0)
  Using cached https://download.pytorch.org/whl/cu121/nvidia_cusolver_cu12-11.4.5.107-py3-none-manylinux1_x86_64.whl (124.2 MB)
Collecting nvidia-cusparse-cu12==12.1.0.106 (from torch==2.2.0)
  Using cached https://download.pytorch.org/whl/cu121/nvidia_cusparse_cu12-12.1.0.106-py3-none-manylinux1_x86_64.whl (196.0 MB)
Collecting nvidia-nccl-cu12==2.19.3 (from torch==2.2.0)
  Using cached https://download.pytorch.org/whl/cu121/nvidia_nccl_cu12-2.19.3-py3-none-manylinux1_x86_64.whl (166.0 MB)
Collecting nvidia-nvtx-cu12==12.1.105 (from torch==2.2.0)
  Using cached https://download.pytorch.org/whl/cu121/nvidia_nvtx_cu12-12.1.105-py3-none-manylinux1_x86_64.whl (99 kB)
Collecting triton==2.2.0 (from torch==2.2.0)
  Using cached https://download.pytorch.org/whl/triton-2.2.0-cp311-cp311-manylinux_2_17_x86_64.manylinux2014_x86_64.whl (167.9 MB)
Collecting nvidia-nvjitlink-cu12 (from nvidia-cusolver-cu12==11.4.5.107->torch==2.2.0)
  Using cached https://download.pytorch.org/whl/nvidia_nvjitlink_cu12-12.9.86-py3-none-manylinux2010_x86_64.manylinux_2_12_x86_64.whl.metadata (1.7 kB)
Collecting MarkupSafe>=2.0 (from jinja2->torch==2.2.0)
  Using cached https://download.pytorch.org/whl/MarkupSafe-2.1.5-cp311-cp311-manylinux_2_17_x86_64.manylinux2014_x86_64.whl (28 kB)
Collecting mpmath<1.4,>=1.1.0 (from sympy->torch==2.2.0)
  Using cached mpmath-1.3.0-py3-none-any.whl.metadata (8.6 kB)
Using cached https://download.pytorch.org/whl/typing_extensions-4.15.0-py3-none-any.whl (44 kB)
Using cached filelock-3.20.0-py3-none-any.whl (16 kB)
Using cached fsspec-2025.12.0-py3-none-any.whl (201 kB)
Using cached https://download.pytorch.org/whl/jinja2-3.1.6-py3-none-any.whl (134 kB)
Using cached networkx-3.6.1-py3-none-any.whl (2.1 MB)
Using cached https://download.pytorch.org/whl/nvidia_nvjitlink_cu12-12.9.86-py3-none-manylinux2010_x86_64.manylinux_2_12_x86_64.whl (39.7 MB)
Using cached sympy-1.14.0-py3-none-any.whl (6.3 MB)
Using cached mpmath-1.3.0-py3-none-any.whl (536 kB)
Installing collected packages: mpmath, typing-extensions, sympy, nvidia-nvtx-cu12, nvidia-nvjitlink-cu12, nvidia-nccl-cu12, nvidia-curand-cu12, nvidia-cufft-cu12, nvidia-cuda-runtime-cu12, nvidia-cuda-nvrtc-cu12, nvidia-cuda-cupti-cu12, nvidia-cublas-cu12, networkx, MarkupSafe, fsspec, filelock, triton, nvidia-cusparse-cu12, nvidia-cudnn-cu12, jinja2, nvidia-cusolver-cu12, torch

Successfully installed MarkupSafe-2.1.5 filelock-3.20.0 fsspec-2025.12.0 jinja2-3.1.6 mpmath-1.3.0 networkx-3.6.1 nvidia-cublas-cu12-12.1.3.1 nvidia-cuda-cupti-cu12-12.1.105 nvidia-cuda-nvrtc-cu12-12.1.105 nvidia-cuda-runtime-cu12-12.1.105 nvidia-cudnn-cu12-8.9.2.26 nvidia-cufft-cu12-11.0.2.54 nvidia-curand-cu12-10.3.2.106 nvidia-cusolver-cu12-11.4.5.107 nvidia-cusparse-cu12-12.1.0.106 nvidia-nccl-cu12-2.19.3 nvidia-nvjitlink-cu12-12.9.86 nvidia-nvtx-cu12-12.1.105 sympy-1.14.0 torch-2.2.0+cu121 triton-2.2.0 typing-extensions-4.15.0

Installing Mamba SSM (this will compile CUDA kernels)...
Collecting mamba-ssm==1.2.0.post1
  Using cached mamba_ssm-1.2.0.post1-cp311-cp311-linux_x86_64.whl
Collecting causal-conv1d==1.2.0.post2
  Using cached causal_conv1d-1.2.0.post2-cp311-cp311-linux_x86_64.whl
Requirement already satisfied: torch in ./.venv_mamba/lib64/python3.11/site-packages (from mamba-ssm==1.2.0.post1) (2.2.0+cu121)
Requirement already satisfied: packaging in ./.venv_mamba/lib64/python3.11/site-packages (from mamba-ssm==1.2.0.post1) (26.0)
Collecting ninja (from mamba-ssm==1.2.0.post1)
  Using cached ninja-1.13.0-py3-none-manylinux2014_x86_64.manylinux_2_17_x86_64.whl.metadata (5.1 kB)
Collecting einops (from mamba-ssm==1.2.0.post1)
  Using cached einops-0.8.2-py3-none-any.whl.metadata (13 kB)
Requirement already satisfied: triton in ./.venv_mamba/lib64/python3.11/site-packages (from mamba-ssm==1.2.0.post1) (2.2.0)
Collecting transformers (from mamba-ssm==1.2.0.post1)
  Using cached transformers-5.2.0-py3-none-any.whl.metadata (32 kB)
Requirement already satisfied: filelock in ./.venv_mamba/lib64/python3.11/site-packages (from torch->mamba-ssm==1.2.0.post1) (3.20.0)
Requirement already satisfied: typing-extensions>=4.8.0 in ./.venv_mamba/lib64/python3.11/site-packages (from torch->mamba-ssm==1.2.0.post1) (4.15.0)
Requirement already satisfied: sympy in ./.venv_mamba/lib64/python3.11/site-packages (from torch->mamba-ssm==1.2.0.post1) (1.14.0)
Requirement already satisfied: networkx in ./.venv_mamba/lib64/python3.11/site-packages (from torch->mamba-ssm==1.2.0.post1) (3.6.1)
Requirement already satisfied: jinja2 in ./.venv_mamba/lib64/python3.11/site-packages (from torch->mamba-ssm==1.2.0.post1) (3.1.6)
Requirement already satisfied: fsspec in ./.venv_mamba/lib64/python3.11/site-packages (from torch->mamba-ssm==1.2.0.post1) (2025.12.0)
Requirement already satisfied: nvidia-cuda-nvrtc-cu12==12.1.105 in ./.venv_mamba/lib64/python3.11/site-packages (from torch->mamba-ssm==1.2.0.post1) (12.1.105)
Requirement already satisfied: nvidia-cuda-runtime-cu12==12.1.105 in ./.venv_mamba/lib64/python3.11/site-packages (from torch->mamba-ssm==1.2.0.post1) (12.1.105)
Requirement already satisfied: nvidia-cuda-cupti-cu12==12.1.105 in ./.venv_mamba/lib64/python3.11/site-packages (from torch->mamba-ssm==1.2.0.post1) (12.1.105)
Requirement already satisfied: nvidia-cudnn-cu12==8.9.2.26 in ./.venv_mamba/lib64/python3.11/site-packages (from torch->mamba-ssm==1.2.0.post1) (8.9.2.26)
Requirement already satisfied: nvidia-cublas-cu12==12.1.3.1 in ./.venv_mamba/lib64/python3.11/site-packages (from torch->mamba-ssm==1.2.0.post1) (12.1.3.1)
Requirement already satisfied: nvidia-cufft-cu12==11.0.2.54 in ./.venv_mamba/lib64/python3.11/site-packages (from torch->mamba-ssm==1.2.0.post1) (11.0.2.54)
Requirement already satisfied: nvidia-curand-cu12==10.3.2.106 in ./.venv_mamba/lib64/python3.11/site-packages (from torch->mamba-ssm==1.2.0.post1) (10.3.2.106)
Requirement already satisfied: nvidia-cusolver-cu12==11.4.5.107 in ./.venv_mamba/lib64/python3.11/site-packages (from torch->mamba-ssm==1.2.0.post1) (11.4.5.107)
Requirement already satisfied: nvidia-cusparse-cu12==12.1.0.106 in ./.venv_mamba/lib64/python3.11/site-packages (from torch->mamba-ssm==1.2.0.post1) (12.1.0.106)
Requirement already satisfied: nvidia-nccl-cu12==2.19.3 in ./.venv_mamba/lib64/python3.11/site-packages (from torch->mamba-ssm==1.2.0.post1) (2.19.3)
Requirement already satisfied: nvidia-nvtx-cu12==12.1.105 in ./.venv_mamba/lib64/python3.11/site-packages (from torch->mamba-ssm==1.2.0.post1) (12.1.105)
Requirement already satisfied: nvidia-nvjitlink-cu12 in ./.venv_mamba/lib64/python3.11/site-packages (from nvidia-cusolver-cu12==11.4.5.107->torch->mamba-ssm==1.2.0.post1) (12.9.86)
Requirement already satisfied: MarkupSafe>=2.0 in ./.venv_mamba/lib64/python3.11/site-packages (from jinja2->torch->mamba-ssm==1.2.0.post1) (2.1.5)
Requirement already satisfied: mpmath<1.4,>=1.1.0 in ./.venv_mamba/lib64/python3.11/site-packages (from sympy->torch->mamba-ssm==1.2.0.post1) (1.3.0)
Collecting huggingface-hub<2.0,>=1.3.0 (from transformers->mamba-ssm==1.2.0.post1)
  Using cached huggingface_hub-1.4.1-py3-none-any.whl.metadata (13 kB)
Collecting numpy>=1.17 (from transformers->mamba-ssm==1.2.0.post1)
  Using cached numpy-2.4.2-cp311-cp311-manylinux_2_27_x86_64.manylinux_2_28_x86_64.whl.metadata (6.6 kB)
Collecting pyyaml>=5.1 (from transformers->mamba-ssm==1.2.0.post1)
  Using cached pyyaml-6.0.3-cp311-cp311-manylinux2014_x86_64.manylinux_2_17_x86_64.manylinux_2_28_x86_64.whl.metadata (2.4 kB)
Collecting regex!=2019.12.17 (from transformers->mamba-ssm==1.2.0.post1)
  Using cached regex-2026.1.15-cp311-cp311-manylinux2014_x86_64.manylinux_2_17_x86_64.manylinux_2_28_x86_64.whl.metadata (40 kB)
Collecting tokenizers<=0.23.0,>=0.22.0 (from transformers->mamba-ssm==1.2.0.post1)
  Using cached tokenizers-0.22.2-cp39-abi3-manylinux_2_17_x86_64.manylinux2014_x86_64.whl.metadata (7.3 kB)
Collecting typer-slim (from transformers->mamba-ssm==1.2.0.post1)
  Using cached typer_slim-0.24.0-py3-none-any.whl.metadata (4.2 kB)
Collecting safetensors>=0.4.3 (from transformers->mamba-ssm==1.2.0.post1)
  Using cached safetensors-0.7.0-cp38-abi3-manylinux_2_17_x86_64.manylinux2014_x86_64.whl.metadata (4.1 kB)
Collecting tqdm>=4.27 (from transformers->mamba-ssm==1.2.0.post1)
  Using cached tqdm-4.67.3-py3-none-any.whl.metadata (57 kB)
Collecting hf-xet<2.0.0,>=1.2.0 (from huggingface-hub<2.0,>=1.3.0->transformers->mamba-ssm==1.2.0.post1)
  Using cached hf_xet-1.2.0-cp37-abi3-manylinux_2_17_x86_64.manylinux2014_x86_64.whl.metadata (4.9 kB)
Collecting httpx<1,>=0.23.0 (from huggingface-hub<2.0,>=1.3.0->transformers->mamba-ssm==1.2.0.post1)
  Using cached httpx-0.28.1-py3-none-any.whl.metadata (7.1 kB)
Collecting shellingham (from huggingface-hub<2.0,>=1.3.0->transformers->mamba-ssm==1.2.0.post1)
  Using cached shellingham-1.5.4-py2.py3-none-any.whl.metadata (3.5 kB)
Collecting anyio (from httpx<1,>=0.23.0->huggingface-hub<2.0,>=1.3.0->transformers->mamba-ssm==1.2.0.post1)
  Using cached anyio-4.12.1-py3-none-any.whl.metadata (4.3 kB)
Collecting certifi (from httpx<1,>=0.23.0->huggingface-hub<2.0,>=1.3.0->transformers->mamba-ssm==1.2.0.post1)
  Using cached certifi-2026.1.4-py3-none-any.whl.metadata (2.5 kB)
Collecting httpcore==1.* (from httpx<1,>=0.23.0->huggingface-hub<2.0,>=1.3.0->transformers->mamba-ssm==1.2.0.post1)
  Using cached httpcore-1.0.9-py3-none-any.whl.metadata (21 kB)
Collecting idna (from httpx<1,>=0.23.0->huggingface-hub<2.0,>=1.3.0->transformers->mamba-ssm==1.2.0.post1)
  Using cached idna-3.11-py3-none-any.whl.metadata (8.4 kB)
Collecting h11>=0.16 (from httpcore==1.*->httpx<1,>=0.23.0->huggingface-hub<2.0,>=1.3.0->transformers->mamba-ssm==1.2.0.post1)
  Using cached h11-0.16.0-py3-none-any.whl.metadata (8.3 kB)
Collecting typer>=0.24.0 (from typer-slim->transformers->mamba-ssm==1.2.0.post1)
  Using cached typer-0.24.0-py3-none-any.whl.metadata (16 kB)
Collecting click>=8.2.1 (from typer>=0.24.0->typer-slim->transformers->mamba-ssm==1.2.0.post1)
  Using cached click-8.3.1-py3-none-any.whl.metadata (2.6 kB)
Collecting rich>=12.3.0 (from typer>=0.24.0->typer-slim->transformers->mamba-ssm==1.2.0.post1)
  Using cached rich-14.3.2-py3-none-any.whl.metadata (18 kB)
Collecting annotated-doc>=0.0.2 (from typer>=0.24.0->typer-slim->transformers->mamba-ssm==1.2.0.post1)
  Using cached annotated_doc-0.0.4-py3-none-any.whl.metadata (6.6 kB)
Collecting markdown-it-py>=2.2.0 (from rich>=12.3.0->typer>=0.24.0->typer-slim->transformers->mamba-ssm==1.2.0.post1)
  Using cached markdown_it_py-4.0.0-py3-none-any.whl.metadata (7.3 kB)
Collecting pygments<3.0.0,>=2.13.0 (from rich>=12.3.0->typer>=0.24.0->typer-slim->transformers->mamba-ssm==1.2.0.post1)
  Using cached pygments-2.19.2-py3-none-any.whl.metadata (2.5 kB)
Collecting mdurl~=0.1 (from markdown-it-py>=2.2.0->rich>=12.3.0->typer>=0.24.0->typer-slim->transformers->mamba-ssm==1.2.0.post1)
  Using cached mdurl-0.1.2-py3-none-any.whl.metadata (1.6 kB)
Using cached einops-0.8.2-py3-none-any.whl (65 kB)
Using cached ninja-1.13.0-py3-none-manylinux2014_x86_64.manylinux_2_17_x86_64.whl (180 kB)
Using cached transformers-5.2.0-py3-none-any.whl (10.4 MB)
Using cached huggingface_hub-1.4.1-py3-none-any.whl (553 kB)
Using cached hf_xet-1.2.0-cp37-abi3-manylinux_2_17_x86_64.manylinux2014_x86_64.whl (3.3 MB)
Using cached httpx-0.28.1-py3-none-any.whl (73 kB)
Using cached httpcore-1.0.9-py3-none-any.whl (78 kB)
Using cached tokenizers-0.22.2-cp39-abi3-manylinux_2_17_x86_64.manylinux2014_x86_64.whl (3.3 MB)
Using cached h11-0.16.0-py3-none-any.whl (37 kB)
Using cached numpy-2.4.2-cp311-cp311-manylinux_2_27_x86_64.manylinux_2_28_x86_64.whl (16.9 MB)
Using cached pyyaml-6.0.3-cp311-cp311-manylinux2014_x86_64.manylinux_2_17_x86_64.manylinux_2_28_x86_64.whl (806 kB)
Using cached regex-2026.1.15-cp311-cp311-manylinux2014_x86_64.manylinux_2_17_x86_64.manylinux_2_28_x86_64.whl (800 kB)
Using cached safetensors-0.7.0-cp38-abi3-manylinux_2_17_x86_64.manylinux2014_x86_64.whl (507 kB)
Using cached tqdm-4.67.3-py3-none-any.whl (78 kB)
Using cached anyio-4.12.1-py3-none-any.whl (113 kB)
Using cached idna-3.11-py3-none-any.whl (71 kB)
Using cached certifi-2026.1.4-py3-none-any.whl (152 kB)
Using cached shellingham-1.5.4-py2.py3-none-any.whl (9.8 kB)
Using cached typer_slim-0.24.0-py3-none-any.whl (3.4 kB)
Using cached typer-0.24.0-py3-none-any.whl (56 kB)
Using cached annotated_doc-0.0.4-py3-none-any.whl (5.3 kB)
Using cached click-8.3.1-py3-none-any.whl (108 kB)
Using cached rich-14.3.2-py3-none-any.whl (309 kB)
Using cached pygments-2.19.2-py3-none-any.whl (1.2 MB)
Using cached markdown_it_py-4.0.0-py3-none-any.whl (87 kB)
Using cached mdurl-0.1.2-py3-none-any.whl (10.0 kB)
Installing collected packages: tqdm, shellingham, safetensors, regex, pyyaml, pygments, numpy, ninja, mdurl, idna, hf-xet, h11, einops, click, certifi, annotated-doc, markdown-it-py, httpcore, anyio, rich, httpx, typer, causal-conv1d, typer-slim, huggingface-hub, tokenizers, transformers, mamba-ssm

Successfully installed annotated-doc-0.0.4 anyio-4.12.1 causal-conv1d-1.2.0.post2 certifi-2026.1.4 click-8.3.1 einops-0.8.2 h11-0.16.0 hf-xet-1.2.0 httpcore-1.0.9 httpx-0.28.1 huggingface-hub-1.4.1 idna-3.11 mamba-ssm-1.2.0.post1 markdown-it-py-4.0.0 mdurl-0.1.2 ninja-1.13.0 numpy-2.4.2 pygments-2.19.2 pyyaml-6.0.3 regex-2026.1.15 rich-14.3.2 safetensors-0.7.0 shellingham-1.5.4 tokenizers-0.22.2 tqdm-4.67.3 transformers-5.2.0 typer-0.24.0 typer-slim-0.24.0

Installing other dependencies...
Requirement already satisfied: transformers in ./.venv_mamba/lib64/python3.11/site-packages (5.2.0)
Collecting datasets
  Downloading datasets-4.5.0-py3-none-any.whl.metadata (19 kB)
Requirement already satisfied: numpy in ./.venv_mamba/lib64/python3.11/site-packages (2.4.2)
Collecting pandas
  Downloading pandas-3.0.1-cp311-cp311-manylinux_2_24_x86_64.manylinux_2_28_x86_64.whl.metadata (79 kB)
Collecting matplotlib
  Downloading matplotlib-3.10.8-cp311-cp311-manylinux2014_x86_64.manylinux_2_17_x86_64.whl.metadata (52 kB)
Requirement already satisfied: tqdm in ./.venv_mamba/lib64/python3.11/site-packages (4.67.3)
Collecting psutil
  Downloading psutil-7.2.2-cp36-abi3-manylinux2010_x86_64.manylinux_2_12_x86_64.manylinux_2_28_x86_64.whl.metadata (22 kB)
Collecting sentence-transformers
  Downloading sentence_transformers-5.2.3-py3-none-any.whl.metadata (16 kB)
Requirement already satisfied: huggingface-hub<2.0,>=1.3.0 in ./.venv_mamba/lib64/python3.11/site-packages (from transformers) (1.4.1)
Requirement already satisfied: packaging>=20.0 in ./.venv_mamba/lib64/python3.11/site-packages (from transformers) (26.0)
Requirement already satisfied: pyyaml>=5.1 in ./.venv_mamba/lib64/python3.11/site-packages (from transformers) (6.0.3)
Requirement already satisfied: regex!=2019.12.17 in ./.venv_mamba/lib64/python3.11/site-packages (from transformers) (2026.1.15)
Requirement already satisfied: tokenizers<=0.23.0,>=0.22.0 in ./.venv_mamba/lib64/python3.11/site-packages (from transformers) (0.22.2)
Requirement already satisfied: typer-slim in ./.venv_mamba/lib64/python3.11/site-packages (from transformers) (0.24.0)
Requirement already satisfied: safetensors>=0.4.3 in ./.venv_mamba/lib64/python3.11/site-packages (from transformers) (0.7.0)
Requirement already satisfied: filelock in ./.venv_mamba/lib64/python3.11/site-packages (from huggingface-hub<2.0,>=1.3.0->transformers) (3.20.0)
Requirement already satisfied: fsspec>=2023.5.0 in ./.venv_mamba/lib64/python3.11/site-packages (from huggingface-hub<2.0,>=1.3.0->transformers) (2025.12.0)
Requirement already satisfied: hf-xet<2.0.0,>=1.2.0 in ./.venv_mamba/lib64/python3.11/site-packages (from huggingface-hub<2.0,>=1.3.0->transformers) (1.2.0)
Requirement already satisfied: httpx<1,>=0.23.0 in ./.venv_mamba/lib64/python3.11/site-packages (from huggingface-hub<2.0,>=1.3.0->transformers) (0.28.1)
Requirement already satisfied: shellingham in ./.venv_mamba/lib64/python3.11/site-packages (from huggingface-hub<2.0,>=1.3.0->transformers) (1.5.4)
Requirement already satisfied: typing-extensions>=4.1.0 in ./.venv_mamba/lib64/python3.11/site-packages (from huggingface-hub<2.0,>=1.3.0->transformers) (4.15.0)
Requirement already satisfied: anyio in ./.venv_mamba/lib64/python3.11/site-packages (from httpx<1,>=0.23.0->huggingface-hub<2.0,>=1.3.0->transformers) (4.12.1)
Requirement already satisfied: certifi in ./.venv_mamba/lib64/python3.11/site-packages (from httpx<1,>=0.23.0->huggingface-hub<2.0,>=1.3.0->transformers) (2026.1.4)
Requirement already satisfied: httpcore==1.* in ./.venv_mamba/lib64/python3.11/site-packages (from httpx<1,>=0.23.0->huggingface-hub<2.0,>=1.3.0->transformers) (1.0.9)
Requirement already satisfied: idna in ./.venv_mamba/lib64/python3.11/site-packages (from httpx<1,>=0.23.0->huggingface-hub<2.0,>=1.3.0->transformers) (3.11)
Requirement already satisfied: h11>=0.16 in ./.venv_mamba/lib64/python3.11/site-packages (from httpcore==1.*->httpx<1,>=0.23.0->huggingface-hub<2.0,>=1.3.0->transformers) (0.16.0)
Collecting pyarrow>=21.0.0 (from datasets)
  Downloading pyarrow-23.0.1-cp311-cp311-manylinux_2_28_x86_64.whl.metadata (3.1 kB)
Collecting dill<0.4.1,>=0.3.0 (from datasets)
  Using cached dill-0.4.0-py3-none-any.whl.metadata (10 kB)
Collecting requests>=2.32.2 (from datasets)
  Using cached requests-2.32.5-py3-none-any.whl.metadata (4.9 kB)
Collecting xxhash (from datasets)
  Downloading xxhash-3.6.0-cp311-cp311-manylinux2014_x86_64.manylinux_2_17_x86_64.manylinux_2_28_x86_64.whl.metadata (13 kB)
Collecting multiprocess<0.70.19 (from datasets)
  Downloading multiprocess-0.70.18-py311-none-any.whl.metadata (7.5 kB)
Collecting fsspec>=2023.5.0 (from huggingface-hub<2.0,>=1.3.0->transformers)
  Using cached fsspec-2025.10.0-py3-none-any.whl.metadata (10 kB)
Collecting aiohttp!=4.0.0a0,!=4.0.0a1 (from fsspec[http]<=2025.10.0,>=2023.1.0->datasets)
  Downloading aiohttp-3.13.3-cp311-cp311-manylinux2014_x86_64.manylinux_2_17_x86_64.manylinux_2_28_x86_64.whl.metadata (8.1 kB)
Collecting python-dateutil>=2.8.2 (from pandas)
  Using cached python_dateutil-2.9.0.post0-py2.py3-none-any.whl.metadata (8.4 kB)
Collecting contourpy>=1.0.1 (from matplotlib)
  Downloading contourpy-1.3.3-cp311-cp311-manylinux_2_27_x86_64.manylinux_2_28_x86_64.whl.metadata (5.5 kB)
Collecting cycler>=0.10 (from matplotlib)
  Using cached cycler-0.12.1-py3-none-any.whl.metadata (3.8 kB)
Collecting fonttools>=4.22.0 (from matplotlib)
  Downloading fonttools-4.61.1-cp311-cp311-manylinux2014_x86_64.manylinux_2_17_x86_64.whl.metadata (114 kB)
Collecting kiwisolver>=1.3.1 (from matplotlib)
  Downloading kiwisolver-1.4.9-cp311-cp311-manylinux2014_x86_64.manylinux_2_17_x86_64.whl.metadata (6.3 kB)
Collecting pillow>=8 (from matplotlib)
  Downloading pillow-12.1.1-cp311-cp311-manylinux_2_27_x86_64.manylinux_2_28_x86_64.whl.metadata (8.8 kB)
Collecting pyparsing>=3 (from matplotlib)
  Downloading pyparsing-3.3.2-py3-none-any.whl.metadata (5.8 kB)
Requirement already satisfied: torch>=1.11.0 in ./.venv_mamba/lib64/python3.11/site-packages (from sentence-transformers) (2.2.0+cu121)
Collecting scikit-learn (from sentence-transformers)
  Downloading scikit_learn-1.8.0-cp311-cp311-manylinux_2_27_x86_64.manylinux_2_28_x86_64.whl.metadata (11 kB)
Collecting scipy (from sentence-transformers)
  Downloading scipy-1.17.0-cp311-cp311-manylinux_2_27_x86_64.manylinux_2_28_x86_64.whl.metadata (62 kB)
Collecting aiohappyeyeballs>=2.5.0 (from aiohttp!=4.0.0a0,!=4.0.0a1->fsspec[http]<=2025.10.0,>=2023.1.0->datasets)
  Using cached aiohappyeyeballs-2.6.1-py3-none-any.whl.metadata (5.9 kB)
Collecting aiosignal>=1.4.0 (from aiohttp!=4.0.0a0,!=4.0.0a1->fsspec[http]<=2025.10.0,>=2023.1.0->datasets)
  Using cached aiosignal-1.4.0-py3-none-any.whl.metadata (3.7 kB)
Collecting attrs>=17.3.0 (from aiohttp!=4.0.0a0,!=4.0.0a1->fsspec[http]<=2025.10.0,>=2023.1.0->datasets)
  Using cached attrs-25.4.0-py3-none-any.whl.metadata (10 kB)
Collecting frozenlist>=1.1.1 (from aiohttp!=4.0.0a0,!=4.0.0a1->fsspec[http]<=2025.10.0,>=2023.1.0->datasets)
  Downloading frozenlist-1.8.0-cp311-cp311-manylinux1_x86_64.manylinux_2_28_x86_64.manylinux_2_5_x86_64.whl.metadata (20 kB)
Collecting multidict<7.0,>=4.5 (from aiohttp!=4.0.0a0,!=4.0.0a1->fsspec[http]<=2025.10.0,>=2023.1.0->datasets)
  Downloading multidict-6.7.1-cp311-cp311-manylinux2014_x86_64.manylinux_2_17_x86_64.manylinux_2_28_x86_64.whl.metadata (5.3 kB)
Collecting propcache>=0.2.0 (from aiohttp!=4.0.0a0,!=4.0.0a1->fsspec[http]<=2025.10.0,>=2023.1.0->datasets)
  Downloading propcache-0.4.1-cp311-cp311-manylinux2014_x86_64.manylinux_2_17_x86_64.manylinux_2_28_x86_64.whl.metadata (13 kB)
Collecting yarl<2.0,>=1.17.0 (from aiohttp!=4.0.0a0,!=4.0.0a1->fsspec[http]<=2025.10.0,>=2023.1.0->datasets)
  Downloading yarl-1.22.0-cp311-cp311-manylinux2014_x86_64.manylinux_2_17_x86_64.manylinux_2_28_x86_64.whl.metadata (75 kB)
Collecting six>=1.5 (from python-dateutil>=2.8.2->pandas)
  Using cached six-1.17.0-py2.py3-none-any.whl.metadata (1.7 kB)
Collecting charset_normalizer<4,>=2 (from requests>=2.32.2->datasets)
  Downloading charset_normalizer-3.4.4-cp311-cp311-manylinux2014_x86_64.manylinux_2_17_x86_64.manylinux_2_28_x86_64.whl.metadata (37 kB)
Collecting urllib3<3,>=1.21.1 (from requests>=2.32.2->datasets)
  Downloading urllib3-2.6.3-py3-none-any.whl.metadata (6.9 kB)
Requirement already satisfied: sympy in ./.venv_mamba/lib64/python3.11/site-packages (from torch>=1.11.0->sentence-transformers) (1.14.0)
Requirement already satisfied: networkx in ./.venv_mamba/lib64/python3.11/site-packages (from torch>=1.11.0->sentence-transformers) (3.6.1)
Requirement already satisfied: jinja2 in ./.venv_mamba/lib64/python3.11/site-packages (from torch>=1.11.0->sentence-transformers) (3.1.6)
Requirement already satisfied: nvidia-cuda-nvrtc-cu12==12.1.105 in ./.venv_mamba/lib64/python3.11/site-packages (from torch>=1.11.0->sentence-transformers) (12.1.105)
Requirement already satisfied: nvidia-cuda-runtime-cu12==12.1.105 in ./.venv_mamba/lib64/python3.11/site-packages (from torch>=1.11.0->sentence-transformers) (12.1.105)
Requirement already satisfied: nvidia-cuda-cupti-cu12==12.1.105 in ./.venv_mamba/lib64/python3.11/site-packages (from torch>=1.11.0->sentence-transformers) (12.1.105)
Requirement already satisfied: nvidia-cudnn-cu12==8.9.2.26 in ./.venv_mamba/lib64/python3.11/site-packages (from torch>=1.11.0->sentence-transformers) (8.9.2.26)
Requirement already satisfied: nvidia-cublas-cu12==12.1.3.1 in ./.venv_mamba/lib64/python3.11/site-packages (from torch>=1.11.0->sentence-transformers) (12.1.3.1)
Requirement already satisfied: nvidia-cufft-cu12==11.0.2.54 in ./.venv_mamba/lib64/python3.11/site-packages (from torch>=1.11.0->sentence-transformers) (11.0.2.54)
Requirement already satisfied: nvidia-curand-cu12==10.3.2.106 in ./.venv_mamba/lib64/python3.11/site-packages (from torch>=1.11.0->sentence-transformers) (10.3.2.106)
Requirement already satisfied: nvidia-cusolver-cu12==11.4.5.107 in ./.venv_mamba/lib64/python3.11/site-packages (from torch>=1.11.0->sentence-transformers) (11.4.5.107)
Requirement already satisfied: nvidia-cusparse-cu12==12.1.0.106 in ./.venv_mamba/lib64/python3.11/site-packages (from torch>=1.11.0->sentence-transformers) (12.1.0.106)
Requirement already satisfied: nvidia-nccl-cu12==2.19.3 in ./.venv_mamba/lib64/python3.11/site-packages (from torch>=1.11.0->sentence-transformers) (2.19.3)
Requirement already satisfied: nvidia-nvtx-cu12==12.1.105 in ./.venv_mamba/lib64/python3.11/site-packages (from torch>=1.11.0->sentence-transformers) (12.1.105)
Requirement already satisfied: triton==2.2.0 in ./.venv_mamba/lib64/python3.11/site-packages (from torch>=1.11.0->sentence-transformers) (2.2.0)
Requirement already satisfied: nvidia-nvjitlink-cu12 in ./.venv_mamba/lib64/python3.11/site-packages (from nvidia-cusolver-cu12==11.4.5.107->torch>=1.11.0->sentence-transformers) (12.9.86)
Requirement already satisfied: MarkupSafe>=2.0 in ./.venv_mamba/lib64/python3.11/site-packages (from jinja2->torch>=1.11.0->sentence-transformers) (2.1.5)
Collecting joblib>=1.3.0 (from scikit-learn->sentence-transformers)
  Downloading joblib-1.5.3-py3-none-any.whl.metadata (5.5 kB)
Collecting threadpoolctl>=3.2.0 (from scikit-learn->sentence-transformers)
  Using cached threadpoolctl-3.6.0-py3-none-any.whl.metadata (13 kB)
Requirement already satisfied: mpmath<1.4,>=1.1.0 in ./.venv_mamba/lib64/python3.11/site-packages (from sympy->torch>=1.11.0->sentence-transformers) (1.3.0)
Requirement already satisfied: typer>=0.24.0 in ./.venv_mamba/lib64/python3.11/site-packages (from typer-slim->transformers) (0.24.0)
Requirement already satisfied: click>=8.2.1 in ./.venv_mamba/lib64/python3.11/site-packages (from typer>=0.24.0->typer-slim->transformers) (8.3.1)
Requirement already satisfied: rich>=12.3.0 in ./.venv_mamba/lib64/python3.11/site-packages (from typer>=0.24.0->typer-slim->transformers) (14.3.2)
Requirement already satisfied: annotated-doc>=0.0.2 in ./.venv_mamba/lib64/python3.11/site-packages (from typer>=0.24.0->typer-slim->transformers) (0.0.4)
Requirement already satisfied: markdown-it-py>=2.2.0 in ./.venv_mamba/lib64/python3.11/site-packages (from rich>=12.3.0->typer>=0.24.0->typer-slim->transformers) (4.0.0)
Requirement already satisfied: pygments<3.0.0,>=2.13.0 in ./.venv_mamba/lib64/python3.11/site-packages (from rich>=12.3.0->typer>=0.24.0->typer-slim->transformers) (2.19.2)
Requirement already satisfied: mdurl~=0.1 in ./.venv_mamba/lib64/python3.11/site-packages (from markdown-it-py>=2.2.0->rich>=12.3.0->typer>=0.24.0->typer-slim->transformers) (0.1.2)
Downloading datasets-4.5.0-py3-none-any.whl (515 kB)
Using cached dill-0.4.0-py3-none-any.whl (119 kB)
Using cached fsspec-2025.10.0-py3-none-any.whl (200 kB)
Downloading multiprocess-0.70.18-py311-none-any.whl (144 kB)
Downloading pandas-3.0.1-cp311-cp311-manylinux_2_24_x86_64.manylinux_2_28_x86_64.whl (11.3 MB)
   ━━━━━━━━━━━━━━━━━━━━━━━━━━━━━━━━━━━━━━━━ 11.3/11.3 MB 11.4 MB/s  0:00:00
Downloading matplotlib-3.10.8-cp311-cp311-manylinux2014_x86_64.manylinux_2_17_x86_64.whl (8.7 MB)
   ━━━━━━━━━━━━━━━━━━━━━━━━━━━━━━━━━━━━━━━━ 8.7/8.7 MB 6.6 MB/s  0:00:01
Downloading psutil-7.2.2-cp36-abi3-manylinux2010_x86_64.manylinux_2_12_x86_64.manylinux_2_28_x86_64.whl (155 kB)
Downloading sentence_transformers-5.2.3-py3-none-any.whl (494 kB)
Downloading aiohttp-3.13.3-cp311-cp311-manylinux2014_x86_64.manylinux_2_17_x86_64.manylinux_2_28_x86_64.whl (1.7 MB)
   ━━━━━━━━━━━━━━━━━━━━━━━━━━━━━━━━━━━━━━━━ 1.7/1.7 MB 811.6 kB/s  0:00:01
Downloading multidict-6.7.1-cp311-cp311-manylinux2014_x86_64.manylinux_2_17_x86_64.manylinux_2_28_x86_64.whl (246 kB)
Downloading yarl-1.22.0-cp311-cp311-manylinux2014_x86_64.manylinux_2_17_x86_64.manylinux_2_28_x86_64.whl (365 kB)
Using cached aiohappyeyeballs-2.6.1-py3-none-any.whl (15 kB)
Using cached aiosignal-1.4.0-py3-none-any.whl (7.5 kB)
Using cached attrs-25.4.0-py3-none-any.whl (67 kB)
Downloading contourpy-1.3.3-cp311-cp311-manylinux_2_27_x86_64.manylinux_2_28_x86_64.whl (355 kB)
Using cached cycler-0.12.1-py3-none-any.whl (8.3 kB)
Downloading fonttools-4.61.1-cp311-cp311-manylinux2014_x86_64.manylinux_2_17_x86_64.whl (5.0 MB)
   ━━━━━━━━━━━━━━━━━━━━━━━━━━━━━━━━━━━━ 5.0/5.0 MB 7.8 MB/s  0:00:00
Downloading frozenlist-1.8.0-cp311-cp311-manylinux1_x86_64.manylinux_2_28_x86_64.manylinux_2_5_x86_64.whl (231 kB)
Downloading kiwisolver-1.4.9-cp311-cp311-manylinux2014_x86_64.manylinux_2_17_x86_64.whl (1.4 MB)
   ━━━━━━━━━━━━━━━━━━━━━━━━━━━━━━━━━━━ 1.4/1.4 MB 10.5 MB/s  0:00:00
Downloading pillow-12.1.1-cp311-cp311-manylinux_2_27_x86_64.manylinux_2_28_x86_64.whl (7.0 MB)
   ━━━━━━━━━━━━━━━━━━━━━━━━━━━━━━━━━━━ 7.0/7.0 MB 11.3 MB/s  0:00:00
Downloading propcache-0.4.1-cp311-cp311-manylinux2014_x86_64.manylinux_2_17_x86_64.manylinux_2_28_x86_64.whl (210 kB)
Downloading pyarrow-23.0.1-cp311-cp311-manylinux_2_28_x86_64.whl (47.6 MB)
   ━━━━━━━━━━━━━━━━━━━━━━━━━━━━━━━━━ 47.6/47.6 MB 11.3 MB/s  0:00:04
Downloading pyparsing-3.3.2-py3-none-any.whl (122 kB)
Using cached python_dateutil-2.9.0.post0-py2.py3-none-any.whl (229 kB)
Using cached requests-2.32.5-py3-none-any.whl (64 kB)
Downloading charset_normalizer-3.4.4-cp311-cp311-manylinux2014_x86_64.manylinux_2_17_x86_64.manylinux_2_28_x86_64.whl (151 kB)
Downloading urllib3-2.6.3-py3-none-any.whl (131 kB)
Using cached six-1.17.0-py2.py3-none-any.whl (11 kB)
Downloading scikit_learn-1.8.0-cp311-cp311-manylinux_2_27_x86_64.manylinux_2_28_x86_64.whl (9.1 MB)
   ━━━━━━━━━━━━━━━━━━━━━━━━━━━━━━━━━━━ 9.1/9.1 MB 11.4 MB/s  0:00:00
Downloading joblib-1.5.3-py3-none-any.whl (309 kB)
Downloading scipy-1.17.0-cp311-cp311-manylinux_2_27_x86_64.manylinux_2_28_x86_64.whl (35.1 MB)
   ━━━━━━━━━━━━━━━━━━━━━━━━━━━━━━━━━ 35.1/35.1 MB 11.4 MB/s  0:00:03
Using cached threadpoolctl-3.6.0-py3-none-any.whl (18 kB)
Downloading xxhash-3.6.0-cp311-cp311-manylinux2014_x86_64.manylinux_2_17_x86_64.manylinux_2_28_x86_64.whl (193 kB)
Installing collected packages: xxhash, urllib3, threadpoolctl, six, scipy, pyparsing, pyarrow, psutil, propcache, pillow, multidict, kiwisolver, joblib, fsspec, frozenlist, fonttools, dill, cycler, contourpy, charset_normalizer, attrs, aiohappyeyeballs, yarl, scikit-learn, requests, python-dateutil, multiprocess, aiosignal, pandas, matplotlib, aiohttp, datasets, sentence-transformers
  Attempting uninstall: fsspec
    Found existing installation: fsspec 2025.12.0
    Uninstalling fsspec-2025.12.0:
      Successfully uninstalled fsspec-2025.12.0

Successfully installed aiohappyeyeballs-2.6.1 aiohttp-3.13.3 aiosignal-1.4.0 attrs-25.4.0 charset_normalizer-3.4.4 contourpy-1.3.3 cycler-0.12.1 datasets-4.5.0 dill-0.4.0 fonttools-4.61.1 frozenlist-1.8.0 fsspec-2025.10.0 joblib-1.5.3 kiwisolver-1.4.9 matplotlib-3.10.8 multidict-6.7.1 multiprocess-0.70.18 pandas-3.0.1 pillow-12.1.1 propcache-0.4.1 psutil-7.2.2 pyarrow-23.0.1 pyparsing-3.3.2 python-dateutil-2.9.0.post0 requests-2.32.5 scikit-learn-1.8.0 scipy-1.17.0 sentence-transformers-5.2.3 six-1.17.0 threadpoolctl-3.6.0 urllib3-2.6.3 xxhash-3.6.0 yarl-1.22.0

=== Setup Complete! ===

Activate the environment:
  source .venv_mamba/bin/activate

Test Mamba import:
  python3 -c 'from mamba_ssm import Mamba; print("✓ Mamba SSM ready!")'

